<?xml version="1.0" encoding="UTF-8"?>
<!-- Generated by org.testng.reporters.JUnitXMLReporter -->
<testsuite ignored="0" hostname="Sushmita" failures="0" tests="1" name="Test" time="0.148" errors="0" timestamp="2021-11-08T02:19:49 IST">
  <testcase classname="com.tyss.trello.baseutil.BaseTest" name="@BeforeClass launchApp" time="-1.636318189675E9">
    <failure type="org.testng.TestNGException" message="
Parameter &amp;apos;browserName&amp;apos; is required by BeforeClass on method launchApp but has not been marked @Optional or defined
in E:\MQAS\Demo\testngTrello.xml">
      <![CDATA[org.testng.TestNGException: 
Parameter 'browserName' is required by BeforeClass on method launchApp but has not been marked @Optional or defined
in E:\MQAS\Demo\testngTrello.xml
at java.base/java.util.ArrayList.forEach(ArrayList.java:1511)
... Removed 22 stack frames]]>
    </failure>
  </testcase> <!-- @BeforeClass launchApp -->
  <testcase classname="com.tyss.trello.baseutil.BaseTest" name="@BeforeMethod setExtentReport" time="-1.636318189759E9">
    <skipped/>
  </testcase> <!-- @BeforeMethod setExtentReport -->
  <testcase classname="com.tyss.trello.scripts.Trello_TC_06_CreateCheckList" name="createCheckListTest" time="0.0">
    <skipped/>
  </testcase> <!-- createCheckListTest -->
</testsuite> <!-- Test -->
