<?xml version="1.0" encoding="UTF-8"?>
<!-- Generated by org.testng.reporters.JUnitReportReporter -->
<testsuite skipped="0" hostname="Sushmita" name="com.tyss.actitime.scripts.TC_01_Naukri_ImExperienced" tests="1" failures="1" timestamp="2021-07-27T15:55:49 IST" time="215.509" errors="0">
  <testcase name="RegisterAsExperiencedAtNaukri" time="215.509" classname="com.tyss.actitime.scripts.TC_01_Naukri_ImExperienced">
    <failure type="java.lang.AssertionError" message="Years Dropdown is not displayed">
      <![CDATA[java.lang.AssertionError: Years Dropdown is not displayed
at org.testng.Assert.fail(Assert.java:99)
at com.tyss.demo.pages.NaukriRegistration_Page.verifyYearsDropDown(NaukriRegistration_Page.java:186)
at com.tyss.demo.pages.NaukriRegistration_Page.selectYearsOption(NaukriRegistration_Page.java:222)
at com.tyss.demo.pages.NaukriRegistration_Page.fillThePersonalForm(NaukriRegistration_Page.java:375)
at com.tyss.actitime.scripts.TC_01_Naukri_ImExperienced.RegisterAsExperiencedAtNaukri(TC_01_Naukri_ImExperienced.java:38)
at sun.reflect.NativeMethodAccessorImpl.invoke0(Native Method)
at sun.reflect.NativeMethodAccessorImpl.invoke(Unknown Source)
at sun.reflect.DelegatingMethodAccessorImpl.invoke(Unknown Source)
at java.lang.reflect.Method.invoke(Unknown Source)
at org.testng.internal.MethodInvocationHelper.invokeMethod(MethodInvocationHelper.java:133)
at org.testng.internal.TestInvoker.invokeMethod(TestInvoker.java:598)
at org.testng.internal.TestInvoker.invokeTestMethod(TestInvoker.java:173)
at org.testng.internal.MethodRunner.runInSequence(MethodRunner.java:46)
at org.testng.internal.TestInvoker$MethodInvocationAgent.invoke(TestInvoker.java:824)
at org.testng.internal.TestInvoker.invokeTestMethods(TestInvoker.java:146)
at org.testng.internal.TestMethodWorker.invokeTestMethods(TestMethodWorker.java:146)
at org.testng.internal.TestMethodWorker.run(TestMethodWorker.java:128)
at java.util.ArrayList.forEach(Unknown Source)
at org.testng.TestRunner.privateRun(TestRunner.java:794)
at org.testng.TestRunner.run(TestRunner.java:596)
at org.testng.SuiteRunner.runTest(SuiteRunner.java:377)
at org.testng.SuiteRunner.runSequentially(SuiteRunner.java:371)
at org.testng.SuiteRunner.privateRun(SuiteRunner.java:332)
at org.testng.SuiteRunner.run(SuiteRunner.java:276)
at org.testng.SuiteRunnerWorker.runSuite(SuiteRunnerWorker.java:53)
at org.testng.SuiteRunnerWorker.run(SuiteRunnerWorker.java:96)
at org.testng.TestNG.runSuitesSequentially(TestNG.java:1212)
at org.testng.TestNG.runSuitesLocally(TestNG.java:1134)
at org.testng.TestNG.runSuites(TestNG.java:1063)
at org.testng.TestNG.run(TestNG.java:1031)
at org.testng.remote.AbstractRemoteTestNG.run(AbstractRemoteTestNG.java:115)
at org.testng.remote.RemoteTestNG.initAndRun(RemoteTestNG.java:251)
at org.testng.remote.RemoteTestNG.main(RemoteTestNG.java:77)
]]>
    </failure>
  </testcase> <!-- RegisterAsExperiencedAtNaukri -->
  <system-out>
    <![CDATA[All the pop ups have been closed successfully
Jobs - Recruitment - Job Search - Employment -Job Vacancies - Naukri.com
Verify PopUp Later Button is Clickable or Not
Verify Cookies GOT IT Button is Clickable or Not
Verify Cookies GOT IT Button is Clickable or Not
clicked on Cookies Got It Button
Verify Register for free button is Clickable or Not
Register For Free button is clickable
Verify Register for free button is Clickable or Not
Getting text from Tell us your Work Status Pop Up text
Tell us your Work Status Pop Up text is displayed
Im Experienced Button is displayed
Verify Im Experienced Button is Clickable or Not
clicked on I am Experienced Button
https://www.naukri.com/account/register/basicdetails
Registrartion Page is displayed
Enter Name into the Name Text field
Enter the value into Name Text Field
Entered value Mauun is displayed in theName Text Field
Enter email id into the Email ID Text field
Enter the value into Email ID Text Field
Entered value maun28@gmail.com is displayed in theEmail ID Text Field
Enter password into the Create Password Text field
Enter the value into Create Password Text Field
Entered value maun12# is displayed in theCreate Password Text Field
Enter mobile number into the Mobile NUmber Text field
Enter the value into Mobile Number Text Field
Entered value 8960051348 is displayed in theMobile Number Text Field
Select Work Experience from Years dropdown
Years Dropdown is displayed
Verify Years Dropdown is Clickable or Not
Years Dropdown is not Clickable 
Unable to click on Years Dropdown
Expected condition failed: waiting for element to be clickable: Proxy element for: DefaultElementLocator 'By.xpath: //input[@class='srchTxt ng-pristine ng-valid clicked ng-touched' and @name='expYear']' (tried for 45 second(s) with 500 milliseconds interval)
Years Dropdown is not displayed]]>
  </system-out>
</testsuite> <!-- com.tyss.actitime.scripts.TC_01_Naukri_ImExperienced -->
