<?xml version="1.0" encoding="UTF-8"?>
<!-- Generated by org.testng.reporters.JUnitXMLReporter -->
<testsuite hostname="Sushmita" ignored="0" name="POC_Test1" tests="1" failures="1" timestamp="2021-07-25T21:13:23 IST" time="38.565" errors="0">
  <testcase name="RegisterAsExperiencedAtNaukri" time="13.351" classname="com.tyss.actitime.scripts.TC_01_Naukri_ImExperienced">
    <failure type="java.lang.AssertionError" message="expected [Tell us your Work Status Pop Up text] but found [Tell us your Work Status]">
      <![CDATA[java.lang.AssertionError: expected [Tell us your Work Status Pop Up text] but found [Tell us your Work Status]
at com.tyss.demo.util.WebActionUtil.verifytext(WebActionUtil.java:445)
at com.tyss.demo.pages.NaukriHome_Page.verifyTxtTellUsYourWorkStatus(NaukriHome_Page.java:138)
at com.tyss.demo.pages.NaukriHome_Page.clkOnImExperiencedBtn(NaukriHome_Page.java:158)
at com.tyss.actitime.scripts.TC_01_Naukri_ImExperienced.RegisterAsExperiencedAtNaukri(TC_01_Naukri_ImExperienced.java:32)
at java.util.ArrayList.forEach(Unknown Source)
... Removed 33 stack frames]]>
    </failure>
  </testcase> <!-- RegisterAsExperiencedAtNaukri -->
</testsuite> <!-- POC_Test1 -->
